<?xml version="1.0" encoding="UTF-8"?>
<!-- Generated by org.testng.reporters.JUnitReportReporter -->
<testsuite hostname="LAPTOP-VEG77J8H" failures="0" tests="1" name="com.Beralt.Acoountcration.VerifyAccountcreation" time="6.122" errors="0" timestamp="2022-05-14T12:17:02 IST" skipped="0">
  <testcase classname="com.Beralt.Acoountcration.VerifyAccountcreation" name="VerifyAccountcreationtest" time="6.122"/>
  <system-out>
    <![CDATA[CRM Home is Displayed pass
Account page is Displayed
create Accounts pageis Displayed pass]]>
  </system-out>
</testsuite> <!-- com.Beralt.Acoountcration.VerifyAccountcreation -->
