<?xml version="1.0" encoding="UTF-8"?>
<!-- Generated by org.testng.reporters.JUnitReportReporter -->
<testsuite hostname="LAPTOP-VEG77J8H" failures="0" tests="1" name="com.Beralt.accounts.VerifyParentAccount" time="6.355" errors="0" timestamp="2022-05-01T16:49:01 IST" skipped="0">
  <testcase classname="com.Beralt.accounts.VerifyParentAccount" name="verifyParentAccountTest" time="6.355"/>
  <system-out>
    <![CDATA[verifyParentAccountTest method started
CRM Home is Displayed pass
Accounts Page is Displayed
verifyParentAccountTest method passed]]>
  </system-out>
</testsuite> <!-- com.Beralt.accounts.VerifyParentAccount -->
