<?xml version="1.0" encoding="UTF-8"?>
<!-- Generated by org.testng.reporters.JUnitReportReporter -->
<testsuite hostname="LAPTOP-VEG77J8H" failures="0" tests="1" name="com.crm.leads.VerifyLeadCreation" time="3.870" errors="0" timestamp="2022-05-14T13:20:37 IST" skipped="0">
  <testcase classname="com.crm.leads.VerifyLeadCreation" name="verifyLeadCreationTest" time="3.870"/>
  <system-out>
    <![CDATA[CRM Home is Displayed pass
Leads Page is Displayed
Create Leads pageis Displayed pass]]>
  </system-out>
</testsuite> <!-- com.crm.leads.VerifyLeadCreation -->
