<?xml version="1.0" encoding="UTF-8"?>
<!-- Generated by org.testng.reporters.JUnitReportReporter -->
<testsuite hostname="LAPTOP-VEG77J8H" failures="0" tests="1" name="com.Beralt.Potential.VerifyPotentialTest" time="3.014" errors="0" timestamp="2022-05-01T16:49:01 IST" skipped="0">
  <testcase classname="com.Beralt.Potential.VerifyPotentialTest" name="verifyPotentialTest" time="3.014"/>
  <system-out>
    <![CDATA[verifyPotentialTest method started
CRM Home is Displayed pass
potential page is Displayed
verifyPotentialTest method passed]]>
  </system-out>
</testsuite> <!-- com.Beralt.Potential.VerifyPotentialTest -->
