<?xml version="1.0" encoding="UTF-8"?>
<!-- Generated by org.testng.reporters.JUnitReportReporter -->
<testsuite hostname="LAPTOP-VEG77J8H" failures="0" tests="1" name="com.Beralt.PotentialCreation.VerifyNewPotential" time="2.111" errors="0" timestamp="2022-05-01T16:49:01 IST" skipped="0">
  <testcase classname="com.Beralt.PotentialCreation.VerifyNewPotential" name="VerifyNewPotentialTest" time="2.111"/>
  <system-out>
    <![CDATA[VerifyNewPotentialTest method started
CRM Home is Displayed pass
potential page is Displayed
Create potential page is Displayed
VerifyNewPotentialTest method passed]]>
  </system-out>
</testsuite> <!-- com.Beralt.PotentialCreation.VerifyNewPotential -->
