<?xml version="1.0" encoding="UTF-8"?>
<!-- Generated by org.testng.reporters.JUnitReportReporter -->
<testsuite hostname="LAPTOP-VEG77J8H" failures="0" tests="1" name="com.Beralt.campaign.verifyCampaignTest" time="3.398" errors="0" timestamp="2022-05-04T13:44:31 IST" skipped="0">
  <testcase classname="com.Beralt.campaign.verifyCampaignTest" name="verifyCampaign" time="3.398"/>
  <system-out>
    <![CDATA[verifyCampaign method started
CRM Home is Displayed pass
campaign page is Displayed
verifyCampaign method passed]]>
  </system-out>
</testsuite> <!-- com.Beralt.campaign.verifyCampaignTest -->
