<?xml version="1.0" encoding="UTF-8"?>
<!-- Generated by org.testng.reporters.JUnitReportReporter -->
<testsuite hostname="LAPTOP-VEG77J8H" failures="0" tests="1" name="com.crm.leads.VerifyLeadCreation" time="5.416" errors="0" timestamp="2022-05-01T16:49:01 IST" skipped="0">
  <testcase classname="com.crm.leads.VerifyLeadCreation" name="verifyLeadCreationTest" time="5.416"/>
  <system-out>
    <![CDATA[verifyLeadCreationTest method started
CRM Home is Displayed pass
Leads Page is Displayed
Create Leads pageis Displayed pass
verifyLeadCreationTest method passed]]>
  </system-out>
</testsuite> <!-- com.crm.leads.VerifyLeadCreation -->
