<?xml version="1.0" encoding="UTF-8"?>
<!-- Generated by org.testng.reporters.JUnitReportReporter -->
<testsuite hostname="LAPTOP-VEG77J8H" failures="0" tests="1" name="com.Beralt.accounts.VerifyAccountsTest" time="1.485" errors="0" timestamp="2022-05-05T10:31:18 IST" skipped="0">
  <testcase classname="com.Beralt.accounts.VerifyAccountsTest" name="verifyAccounts" time="1.485"/>
  <system-out>
    <![CDATA[verifyAccounts method started
CRM Home is Displayed pass
Accounts Page is Displayed
verifyAccounts method passed]]>
  </system-out>
</testsuite> <!-- com.Beralt.accounts.VerifyAccountsTest -->
