<?xml version="1.0" encoding="UTF-8"?>
<!-- Generated by org.testng.reporters.JUnitReportReporter -->
<testsuite hostname="LAPTOP-VEG77J8H" failures="0" tests="1" name="com.Beralt.ProductCreation.VerifyNewProduct" time="2.311" errors="0" timestamp="2022-05-01T16:49:01 IST" skipped="0">
  <testcase classname="com.Beralt.ProductCreation.VerifyNewProduct" name="newProduct" time="2.311"/>
  <system-out>
    <![CDATA[newProduct method started
CRM Home is Displayed pass
products page is Displayed
create product page is Displayed
newProduct method passed]]>
  </system-out>
</testsuite> <!-- com.Beralt.ProductCreation.VerifyNewProduct -->
