<?xml version="1.0" encoding="UTF-8"?>
<!-- Generated by org.testng.reporters.JUnitReportReporter -->
<testsuite hostname="LAPTOP-VEG77J8H" failures="0" tests="1" name="VerifySalesOrderTab.TestSalesOrderTab" time="2.352" errors="0" timestamp="2022-05-04T11:11:08 IST" skipped="0">
  <testcase classname="VerifySalesOrderTab.TestSalesOrderTab" name="salesOrder" time="2.352"/>
  <system-out>
    <![CDATA[CRM Home is Displayed pass]]>
  </system-out>
</testsuite> <!-- VerifySalesOrderTab.TestSalesOrderTab -->
