<?xml version="1.0" encoding="UTF-8"?>
<!-- Generated by org.testng.reporters.JUnitReportReporter -->
<testsuite hostname="LAPTOP-VEG77J8H" failures="0" tests="1" name="VerifyArwSymbl.ArwSymblTest" time="0.835" errors="0" timestamp="2022-05-01T16:49:01 IST" skipped="0">
  <testcase classname="VerifyArwSymbl.ArwSymblTest" name="verifyArwSymbl" time="0.835"/>
  <system-out>
    <![CDATA[verifyArwSymbl method started
CRM Home is Displayed pass
verifyArwSymbl method passed]]>
  </system-out>
</testsuite> <!-- VerifyArwSymbl.ArwSymblTest -->
