<?xml version="1.0" encoding="UTF-8"?>
<!-- Generated by org.testng.reporters.JUnitReportReporter -->
<testsuite hostname="LAPTOP-VEG77J8H" failures="0" tests="1" name="com.Beralt.contact.VerifynewContact" time="11.810" errors="0" timestamp="2022-05-04T13:45:19 IST" skipped="0">
  <testcase classname="com.Beralt.contact.VerifynewContact" name="VerifynewContacttest" time="11.810"/>
  <system-out>
    <![CDATA[VerifynewContacttest method started
CRM Home is Displayed pass
contact page is Displayed
contact details page is Displayed
VerifynewContacttest method passed]]>
  </system-out>
</testsuite> <!-- com.Beralt.contact.VerifynewContact -->
