<?xml version="1.0" encoding="UTF-8"?>
<!-- Generated by org.testng.reporters.JUnitReportReporter -->
<testsuite hostname="LAPTOP-VEG77J8H" failures="0" tests="1" name="com.Beralt.contact.VerifynewContact" time="9.449" errors="0" timestamp="2022-05-14T12:17:39 IST" skipped="0">
  <testcase classname="com.Beralt.contact.VerifynewContact" name="VerifynewContacttest" time="9.449"/>
  <system-out>
    <![CDATA[CRM Home is Displayed pass
contact page is Displayed
contact details page is Displayed]]>
  </system-out>
</testsuite> <!-- com.Beralt.contact.VerifynewContact -->
