<?xml version="1.0" encoding="UTF-8"?>
<!-- Generated by org.testng.reporters.JUnitReportReporter -->
<testsuite hostname="LAPTOP-VEG77J8H" failures="0" tests="1" name="VerifyArwSymbl.ArwSymblTest" time="0.946" errors="0" timestamp="2022-05-14T12:50:20 IST" skipped="0">
  <testcase classname="VerifyArwSymbl.ArwSymblTest" name="verifyArwSymbl" time="0.946"/>
  <system-out>
    <![CDATA[CRM Home is Displayed pass]]>
  </system-out>
</testsuite> <!-- VerifyArwSymbl.ArwSymblTest -->
