<?xml version="1.0" encoding="UTF-8"?>
<!-- Generated by org.testng.reporters.JUnitReportReporter -->
<testsuite hostname="LAPTOP-VEG77J8H" failures="0" tests="1" name="com.Beralt.contact.VerifyContactParent" time="4.465" errors="0" timestamp="2022-05-01T19:09:40 IST" skipped="0">
  <testcase classname="com.Beralt.contact.VerifyContactParent" name="VerifyCntctpage" time="4.465"/>
  <system-out>
    <![CDATA[CRM Home is Displayed pass]]>
  </system-out>
</testsuite> <!-- com.Beralt.contact.VerifyContactParent -->
